<?xml version="1.0" encoding="UTF-8"?>
<!-- Generated by org.testng.reporters.JUnitReportReporter -->
<testsuite hostname="HP_aishuvinu" failures="0" tests="1" name="LaunchBrowser" time="20.837" errors="0" timestamp="2023-06-02T11:05:03 IST" skipped="0">
  <testcase classname="LaunchBrowser" name="launchBrowser" time="20.837"/>
  <system-out/>
</testsuite> <!-- LaunchBrowser -->
